d:\dev\lost-in-time-reworked\lost-in-time-reworked\x64\debug\vc141.pdb
d:\dev\lost-in-time-reworked\lost-in-time-reworked\x64\debug\vc141.idb
d:\dev\lost-in-time-reworked\lost-in-time-reworked\x64\debug\sprite.obj
d:\dev\lost-in-time-reworked\lost-in-time-reworked\x64\debug\layer.obj
d:\dev\lost-in-time-reworked\lost-in-time-reworked\x64\debug\object.obj
d:\dev\lost-in-time-reworked\lost-in-time-reworked\x64\debug\main.obj
d:\dev\lost-in-time-reworked\lost-in-time-reworked\x64\debug\spawnpoint.obj
d:\dev\lost-in-time-reworked\lost-in-time-reworked\x64\debug\map.obj
d:\dev\lost-in-time-reworked\lost-in-time-reworked\x64\debug\jsoncpp.obj
d:\dev\lost-in-time-reworked\lost-in-time-reworked\x64\debug\player.obj
d:\dev\lost-in-time-reworked\lost-in-time-reworked\x64\debug\machine.obj
d:\dev\lost-in-time-reworked\lost-in-time-reworked\x64\debug\gameobject.obj
d:\dev\lost-in-time-reworked\lost-in-time-reworked\x64\debug\gamestate.obj
d:\dev\lost-in-time-reworked\lost-in-time-reworked\x64\debug\levelone.obj
d:\dev\lost-in-time-reworked\lost-in-time-reworked\x64\debug\animation.obj
d:\dev\lost-in-time-reworked\lost-in-time-reworked\x64\debug\physics.obj
d:\dev\lost-in-time-reworked\lost-in-time-reworked\x64\debug\teleport.obj
d:\dev\lost-in-time-reworked\x64\debug\lost-in-time-reworked.exe
d:\dev\lost-in-time-reworked\x64\debug\lost-in-time-reworked.ilk
d:\dev\lost-in-time-reworked\x64\debug\lost-in-time-reworked.pdb
d:\dev\lost-in-time-reworked\x64\debug\lost-in-time-reworked.lib
d:\dev\lost-in-time-reworked\x64\debug\lost-in-time-reworked.exp
d:\dev\lost-in-time-reworked\lost-in-time-reworked\x64\debug\levelone.obj.enc
d:\dev\lost-in-time-reworked\lost-in-time-reworked\x64\debug\map.new.obj.enc
d:\dev\lost-in-time-reworked\lost-in-time-reworked\x64\debug\physics.new.obj.enc
d:\dev\lost-in-time-reworked\lost-in-time-reworked\x64\debug\sprite.obj.enc
d:\dev\lost-in-time-reworked\lost-in-time-reworked\x64\debug\lost-in-.39f5aeb8.tlog\cl.command.1.tlog
d:\dev\lost-in-time-reworked\lost-in-time-reworked\x64\debug\lost-in-.39f5aeb8.tlog\cl.read.1.tlog
d:\dev\lost-in-time-reworked\lost-in-time-reworked\x64\debug\lost-in-.39f5aeb8.tlog\cl.write.1.tlog
d:\dev\lost-in-time-reworked\lost-in-time-reworked\x64\debug\lost-in-.39f5aeb8.tlog\link.command.1.tlog
d:\dev\lost-in-time-reworked\lost-in-time-reworked\x64\debug\lost-in-.39f5aeb8.tlog\link.delete.1.tlog
d:\dev\lost-in-time-reworked\lost-in-time-reworked\x64\debug\lost-in-.39f5aeb8.tlog\link.read.1.tlog
d:\dev\lost-in-time-reworked\lost-in-time-reworked\x64\debug\lost-in-.39f5aeb8.tlog\link.write.1.tlog
d:\dev\lost-in-time-reworked\lost-in-time-reworked\x64\debug\lost-in-.39f5aeb8.tlog\lost-in-time-reworked.write.1u.tlog
